<?xml version="1.0" encoding="UTF-8"?>
<robot generator="Robot 3.2.2 (Python 3.9.2 on linux)" generated="20210303 14:51:01.024" rpa="false">
<suite id="s1" name="Login Keywords" source="/home/carlosfelixpenha/AprendendoGitHub/login_keywords.robot">
<test id="s1-t1" name="Login com sucesso">
<kw name="Open Login Page" library="login_actions">
<kw name="Open Browser" library="Browser">
<tags>
<tag>BrowserControl</tag>
<tag>Setter</tag>
</tags>
<doc>Opens a new browser instance. Use this keyword for quick experiments or debugging sessions.
Use `New Page` directly instead of `Open Browser` for production and automated execution.
See `Browser, Context and Page` for more information about Browser and related concepts.</doc>
<arguments>
<arg>https://parodify.herokuapp.com/users/sign_in</arg>
<arg>chromium</arg>
</arguments>
<msg timestamp="20210303 14:51:01.715" level="WARN">Open Browser is for quick experimentation and debugging only. Use New Page for production.</msg>
<msg timestamp="20210303 14:51:01.715" level="INFO">{"browser": "chromium", "headless": false, "handleSIGINT": true, "handleSIGTERM": true, "handleSIGHUP": true, "timeout": 30000.0, "devtools": false, "slowMo": 0.0}</msg>
<msg timestamp="20210303 14:51:01.968" level="INFO">Successfully created browser with options: {"browser":"chromium","headless":false,"handleSIGINT":true,"handleSIGTERM":true,"handleSIGHUP":true,"timeout":30000,"devtools":false,"slowMo":0}</msg>
<msg timestamp="20210303 14:51:01.969" level="INFO">{"acceptDownloads": false, "ignoreHTTPSErrors": false, "bypassCSP": false, "deviceScaleFactor": 1.0, "isMobile": false, "hasTouch": false, "javaScriptEnabled": true, "offline": false, "hideRfBrowser": false}</msg>
<msg timestamp="20210303 14:51:01.984" level="INFO">Successfully created context with options: {"acceptDownloads":false,"ignoreHTTPSErrors":false,"bypassCSP":false,"deviceScaleFactor":1,"isMobile":false,"hasTouch":false,"javaScriptEnabled":true,"offline":false,"hideRfBrowser":false}</msg>
<msg timestamp="20210303 14:51:04.690" level="INFO">Successfully initialized new page object and opened url: https://parodify.herokuapp.com/users/sign_in</msg>
<status status="PASS" starttime="20210303 14:51:01.715" endtime="20210303 14:51:04.691"></status>
</kw>
<status status="PASS" starttime="20210303 14:51:01.714" endtime="20210303 14:51:04.691"></status>
</kw>
<kw name="Login With" library="login_actions">
<arguments>
<arg>papito@parodify.com</arg>
<arg>pwd123</arg>
</arguments>
<kw name="Fill Text" library="Browser">
<tags>
<tag>PageContent</tag>
<tag>Setter</tag>
</tags>
<doc>Clears and fills the given ``text`` into the text field found by ``selector``.</doc>
<arguments>
<arg>id=user_email</arg>
<arg>${email_arg}</arg>
</arguments>
<msg timestamp="20210303 14:51:04.692" level="INFO">Fills the text 'papito@parodify.com' in the given field.</msg>
<status status="PASS" starttime="20210303 14:51:04.692" endtime="20210303 14:51:04.760"></status>
</kw>
<kw name="Fill Text" library="Browser">
<tags>
<tag>PageContent</tag>
<tag>Setter</tag>
</tags>
<doc>Clears and fills the given ``text`` into the text field found by ``selector``.</doc>
<arguments>
<arg>id=user_password</arg>
<arg>${pass_arg}</arg>
</arguments>
<msg timestamp="20210303 14:51:04.761" level="INFO">Fills the text 'pwd123' in the given field.</msg>
<status status="PASS" starttime="20210303 14:51:04.760" endtime="20210303 14:51:04.780"></status>
</kw>
<kw name="Click" library="Browser">
<tags>
<tag>PageContent</tag>
<tag>Setter</tag>
</tags>
<doc>Simulates mouse click on the element found by ``selector``.</doc>
<arguments>
<arg>css=input[type=submit]</arg>
</arguments>
<status status="PASS" starttime="20210303 14:51:04.781" endtime="20210303 14:51:05.385"></status>
</kw>
<status status="PASS" starttime="20210303 14:51:04.691" endtime="20210303 14:51:05.386"></status>
</kw>
<kw name="Wait For Elements State" library="Browser">
<tags>
<tag>PageContent</tag>
<tag>Wait</tag>
</tags>
<doc>Waits for the element found by ``selector`` to satisfy state option.</doc>
<arguments>
<arg>css=a[href$=sign_out]</arg>
<arg>visible</arg>
<arg>10</arg>
</arguments>
<msg timestamp="20210303 14:51:05.739" level="INFO">Wait for Element with selector: css=a[href$=sign_out]</msg>
<status status="PASS" starttime="20210303 14:51:05.386" endtime="20210303 14:51:05.739"></status>
</kw>
<kw name="Take Screenshot" library="Browser" type="teardown">
<tags>
<tag>PageContent</tag>
</tags>
<doc>Takes a screenshot of the current window and saves it to ``path``. Saves it as a png.</doc>
<msg timestamp="20210303 14:51:05.847" level="INFO" html="yes">&lt;/td&gt;&lt;/tr&gt;&lt;tr&gt;&lt;td colspan="3"&gt;&lt;a href="browser/screenshot/robotframework-browser-screenshot-1.png"&gt;&lt;img src="browser/screenshot/robotframework-browser-screenshot-1.png" width="800px"&gt;&lt;/a&gt;</msg>
<status status="PASS" starttime="20210303 14:51:05.740" endtime="20210303 14:51:05.847"></status>
</kw>
<status status="PASS" starttime="20210303 14:51:01.710" endtime="20210303 14:51:05.847" critical="yes"></status>
</test>
<test id="s1-t2" name="Login senha incorreta">
<kw name="Open Login Page" library="login_actions">
<kw name="Open Browser" library="Browser">
<tags>
<tag>BrowserControl</tag>
<tag>Setter</tag>
</tags>
<doc>Opens a new browser instance. Use this keyword for quick experiments or debugging sessions.
Use `New Page` directly instead of `Open Browser` for production and automated execution.
See `Browser, Context and Page` for more information about Browser and related concepts.</doc>
<arguments>
<arg>https://parodify.herokuapp.com/users/sign_in</arg>
<arg>chromium</arg>
</arguments>
<msg timestamp="20210303 14:51:05.912" level="WARN">Open Browser is for quick experimentation and debugging only. Use New Page for production.</msg>
<msg timestamp="20210303 14:51:05.913" level="INFO">{"browser": "chromium", "headless": false, "handleSIGINT": true, "handleSIGTERM": true, "handleSIGHUP": true, "timeout": 30000.0, "devtools": false, "slowMo": 0.0}</msg>
<msg timestamp="20210303 14:51:06.214" level="INFO">Successfully created browser with options: {"browser":"chromium","headless":false,"handleSIGINT":true,"handleSIGTERM":true,"handleSIGHUP":true,"timeout":30000,"devtools":false,"slowMo":0}</msg>
<msg timestamp="20210303 14:51:06.217" level="INFO">{"acceptDownloads": false, "ignoreHTTPSErrors": false, "bypassCSP": false, "deviceScaleFactor": 1.0, "isMobile": false, "hasTouch": false, "javaScriptEnabled": true, "offline": false, "hideRfBrowser": false}</msg>
<msg timestamp="20210303 14:51:06.231" level="INFO">Successfully created context with options: {"acceptDownloads":false,"ignoreHTTPSErrors":false,"bypassCSP":false,"deviceScaleFactor":1,"isMobile":false,"hasTouch":false,"javaScriptEnabled":true,"offline":false,"hideRfBrowser":false}</msg>
<msg timestamp="20210303 14:51:09.172" level="INFO">Successfully initialized new page object and opened url: https://parodify.herokuapp.com/users/sign_in</msg>
<status status="PASS" starttime="20210303 14:51:05.911" endtime="20210303 14:51:09.172"></status>
</kw>
<status status="PASS" starttime="20210303 14:51:05.911" endtime="20210303 14:51:09.172"></status>
</kw>
<kw name="Login With" library="login_actions">
<arguments>
<arg>papito@parodify.com</arg>
<arg>abc123</arg>
</arguments>
<kw name="Fill Text" library="Browser">
<tags>
<tag>PageContent</tag>
<tag>Setter</tag>
</tags>
<doc>Clears and fills the given ``text`` into the text field found by ``selector``.</doc>
<arguments>
<arg>id=user_email</arg>
<arg>${email_arg}</arg>
</arguments>
<msg timestamp="20210303 14:51:09.174" level="INFO">Fills the text 'papito@parodify.com' in the given field.</msg>
<status status="PASS" starttime="20210303 14:51:09.173" endtime="20210303 14:51:09.222"></status>
</kw>
<kw name="Fill Text" library="Browser">
<tags>
<tag>PageContent</tag>
<tag>Setter</tag>
</tags>
<doc>Clears and fills the given ``text`` into the text field found by ``selector``.</doc>
<arguments>
<arg>id=user_password</arg>
<arg>${pass_arg}</arg>
</arguments>
<msg timestamp="20210303 14:51:09.223" level="INFO">Fills the text 'abc123' in the given field.</msg>
<status status="PASS" starttime="20210303 14:51:09.222" endtime="20210303 14:51:09.242"></status>
</kw>
<kw name="Click" library="Browser">
<tags>
<tag>PageContent</tag>
<tag>Setter</tag>
</tags>
<doc>Simulates mouse click on the element found by ``selector``.</doc>
<arguments>
<arg>css=input[type=submit]</arg>
</arguments>
<status status="PASS" starttime="20210303 14:51:09.242" endtime="20210303 14:51:09.847"></status>
</kw>
<status status="PASS" starttime="20210303 14:51:09.173" endtime="20210303 14:51:09.847"></status>
</kw>
<kw name="Alert Should Be" library="login_actions">
<arguments>
<arg>Opps! Dados de acesso incorretos!</arg>
</arguments>
<kw name="Get Text" library="Browser">
<tags>
<tag>Assertion</tag>
<tag>Getter</tag>
<tag>PageContent</tag>
</tags>
<doc>Returns text attribute of the element found by ``selector``.
See the `Finding elements` section for details about the selectors.</doc>
<arguments>
<arg>css=.is-danger .message-body</arg>
<arg>==</arg>
<arg>${expect_arg}</arg>
</arguments>
<status status="PASS" starttime="20210303 14:51:09.848" endtime="20210303 14:51:10.096"></status>
</kw>
<kw name="Sleep" library="BuiltIn">
<doc>Pauses the test executed for the given time.</doc>
<arguments>
<arg>2</arg>
</arguments>
<msg timestamp="20210303 14:51:12.097" level="INFO">Slept 2 seconds</msg>
<status status="PASS" starttime="20210303 14:51:10.096" endtime="20210303 14:51:12.097"></status>
</kw>
<status status="PASS" starttime="20210303 14:51:09.847" endtime="20210303 14:51:12.097"></status>
</kw>
<kw name="Take Screenshot" library="Browser" type="teardown">
<tags>
<tag>PageContent</tag>
</tags>
<doc>Takes a screenshot of the current window and saves it to ``path``. Saves it as a png.</doc>
<msg timestamp="20210303 14:51:12.263" level="INFO" html="yes">&lt;/td&gt;&lt;/tr&gt;&lt;tr&gt;&lt;td colspan="3"&gt;&lt;a href="browser/screenshot/robotframework-browser-screenshot-2.png"&gt;&lt;img src="browser/screenshot/robotframework-browser-screenshot-2.png" width="800px"&gt;&lt;/a&gt;</msg>
<status status="PASS" starttime="20210303 14:51:12.097" endtime="20210303 14:51:12.263"></status>
</kw>
<status status="PASS" starttime="20210303 14:51:05.905" endtime="20210303 14:51:12.263" critical="yes"></status>
</test>
<test id="s1-t3" name="Login e-mail incorreto">
<kw name="Open Login Page" library="login_actions">
<kw name="Open Browser" library="Browser">
<tags>
<tag>BrowserControl</tag>
<tag>Setter</tag>
</tags>
<doc>Opens a new browser instance. Use this keyword for quick experiments or debugging sessions.
Use `New Page` directly instead of `Open Browser` for production and automated execution.
See `Browser, Context and Page` for more information about Browser and related concepts.</doc>
<arguments>
<arg>https://parodify.herokuapp.com/users/sign_in</arg>
<arg>chromium</arg>
</arguments>
<msg timestamp="20210303 14:51:12.346" level="WARN">Open Browser is for quick experimentation and debugging only. Use New Page for production.</msg>
<msg timestamp="20210303 14:51:12.348" level="INFO">{"browser": "chromium", "headless": false, "handleSIGINT": true, "handleSIGTERM": true, "handleSIGHUP": true, "timeout": 30000.0, "devtools": false, "slowMo": 0.0}</msg>
<msg timestamp="20210303 14:51:12.643" level="INFO">Successfully created browser with options: {"browser":"chromium","headless":false,"handleSIGINT":true,"handleSIGTERM":true,"handleSIGHUP":true,"timeout":30000,"devtools":false,"slowMo":0}</msg>
<msg timestamp="20210303 14:51:12.644" level="INFO">{"acceptDownloads": false, "ignoreHTTPSErrors": false, "bypassCSP": false, "deviceScaleFactor": 1.0, "isMobile": false, "hasTouch": false, "javaScriptEnabled": true, "offline": false, "hideRfBrowser": false}</msg>
<msg timestamp="20210303 14:51:12.658" level="INFO">Successfully created context with options: {"acceptDownloads":false,"ignoreHTTPSErrors":false,"bypassCSP":false,"deviceScaleFactor":1,"isMobile":false,"hasTouch":false,"javaScriptEnabled":true,"offline":false,"hideRfBrowser":false}</msg>
<msg timestamp="20210303 14:51:15.315" level="INFO">Successfully initialized new page object and opened url: https://parodify.herokuapp.com/users/sign_in</msg>
<status status="PASS" starttime="20210303 14:51:12.345" endtime="20210303 14:51:15.315"></status>
</kw>
<status status="PASS" starttime="20210303 14:51:12.344" endtime="20210303 14:51:15.315"></status>
</kw>
<kw name="Login With" library="login_actions">
<arguments>
<arg>4041@parodify.com</arg>
<arg>pwd123</arg>
</arguments>
<kw name="Fill Text" library="Browser">
<tags>
<tag>PageContent</tag>
<tag>Setter</tag>
</tags>
<doc>Clears and fills the given ``text`` into the text field found by ``selector``.</doc>
<arguments>
<arg>id=user_email</arg>
<arg>${email_arg}</arg>
</arguments>
<msg timestamp="20210303 14:51:15.317" level="INFO">Fills the text '4041@parodify.com' in the given field.</msg>
<status status="PASS" starttime="20210303 14:51:15.316" endtime="20210303 14:51:15.375"></status>
</kw>
<kw name="Fill Text" library="Browser">
<tags>
<tag>PageContent</tag>
<tag>Setter</tag>
</tags>
<doc>Clears and fills the given ``text`` into the text field found by ``selector``.</doc>
<arguments>
<arg>id=user_password</arg>
<arg>${pass_arg}</arg>
</arguments>
<msg timestamp="20210303 14:51:15.376" level="INFO">Fills the text 'pwd123' in the given field.</msg>
<status status="PASS" starttime="20210303 14:51:15.376" endtime="20210303 14:51:15.394"></status>
</kw>
<kw name="Click" library="Browser">
<tags>
<tag>PageContent</tag>
<tag>Setter</tag>
</tags>
<doc>Simulates mouse click on the element found by ``selector``.</doc>
<arguments>
<arg>css=input[type=submit]</arg>
</arguments>
<status status="PASS" starttime="20210303 14:51:15.394" endtime="20210303 14:51:15.815"></status>
</kw>
<status status="PASS" starttime="20210303 14:51:15.316" endtime="20210303 14:51:15.815"></status>
</kw>
<kw name="Alert Should Be" library="login_actions">
<arguments>
<arg>Opps! Dados de acesso incorretos!</arg>
</arguments>
<kw name="Get Text" library="Browser">
<tags>
<tag>Assertion</tag>
<tag>Getter</tag>
<tag>PageContent</tag>
</tags>
<doc>Returns text attribute of the element found by ``selector``.
See the `Finding elements` section for details about the selectors.</doc>
<arguments>
<arg>css=.is-danger .message-body</arg>
<arg>==</arg>
<arg>${expect_arg}</arg>
</arguments>
<status status="PASS" starttime="20210303 14:51:15.816" endtime="20210303 14:51:16.179"></status>
</kw>
<kw name="Sleep" library="BuiltIn">
<doc>Pauses the test executed for the given time.</doc>
<arguments>
<arg>2</arg>
</arguments>
<msg timestamp="20210303 14:51:18.180" level="INFO">Slept 2 seconds</msg>
<status status="PASS" starttime="20210303 14:51:16.179" endtime="20210303 14:51:18.180"></status>
</kw>
<status status="PASS" starttime="20210303 14:51:15.816" endtime="20210303 14:51:18.180"></status>
</kw>
<kw name="Take Screenshot" library="Browser" type="teardown">
<tags>
<tag>PageContent</tag>
</tags>
<doc>Takes a screenshot of the current window and saves it to ``path``. Saves it as a png.</doc>
<msg timestamp="20210303 14:51:18.329" level="INFO" html="yes">&lt;/td&gt;&lt;/tr&gt;&lt;tr&gt;&lt;td colspan="3"&gt;&lt;a href="browser/screenshot/robotframework-browser-screenshot-3.png"&gt;&lt;img src="browser/screenshot/robotframework-browser-screenshot-3.png" width="800px"&gt;&lt;/a&gt;</msg>
<status status="PASS" starttime="20210303 14:51:18.180" endtime="20210303 14:51:18.329"></status>
</kw>
<status status="PASS" starttime="20210303 14:51:12.338" endtime="20210303 14:51:18.329" critical="yes"></status>
</test>
<test id="s1-t4" name="Login campo e-mail vazio">
<kw name="Open Login Page" library="login_actions">
<kw name="Open Browser" library="Browser">
<tags>
<tag>BrowserControl</tag>
<tag>Setter</tag>
</tags>
<doc>Opens a new browser instance. Use this keyword for quick experiments or debugging sessions.
Use `New Page` directly instead of `Open Browser` for production and automated execution.
See `Browser, Context and Page` for more information about Browser and related concepts.</doc>
<arguments>
<arg>https://parodify.herokuapp.com/users/sign_in</arg>
<arg>chromium</arg>
</arguments>
<msg timestamp="20210303 14:51:18.395" level="WARN">Open Browser is for quick experimentation and debugging only. Use New Page for production.</msg>
<msg timestamp="20210303 14:51:18.396" level="INFO">{"browser": "chromium", "headless": false, "handleSIGINT": true, "handleSIGTERM": true, "handleSIGHUP": true, "timeout": 30000.0, "devtools": false, "slowMo": 0.0}</msg>
<msg timestamp="20210303 14:51:18.686" level="INFO">Successfully created browser with options: {"browser":"chromium","headless":false,"handleSIGINT":true,"handleSIGTERM":true,"handleSIGHUP":true,"timeout":30000,"devtools":false,"slowMo":0}</msg>
<msg timestamp="20210303 14:51:18.689" level="INFO">{"acceptDownloads": false, "ignoreHTTPSErrors": false, "bypassCSP": false, "deviceScaleFactor": 1.0, "isMobile": false, "hasTouch": false, "javaScriptEnabled": true, "offline": false, "hideRfBrowser": false}</msg>
<msg timestamp="20210303 14:51:18.702" level="INFO">Successfully created context with options: {"acceptDownloads":false,"ignoreHTTPSErrors":false,"bypassCSP":false,"deviceScaleFactor":1,"isMobile":false,"hasTouch":false,"javaScriptEnabled":true,"offline":false,"hideRfBrowser":false}</msg>
<msg timestamp="20210303 14:51:21.580" level="INFO">Successfully initialized new page object and opened url: https://parodify.herokuapp.com/users/sign_in</msg>
<status status="PASS" starttime="20210303 14:51:18.395" endtime="20210303 14:51:21.581"></status>
</kw>
<status status="PASS" starttime="20210303 14:51:18.394" endtime="20210303 14:51:21.581"></status>
</kw>
<kw name="Login With" library="login_actions">
<arguments>
<arg>${EMPTY}</arg>
<arg>pwd123</arg>
</arguments>
<kw name="Fill Text" library="Browser">
<tags>
<tag>PageContent</tag>
<tag>Setter</tag>
</tags>
<doc>Clears and fills the given ``text`` into the text field found by ``selector``.</doc>
<arguments>
<arg>id=user_email</arg>
<arg>${email_arg}</arg>
</arguments>
<msg timestamp="20210303 14:51:21.582" level="INFO">Fills the text '' in the given field.</msg>
<status status="PASS" starttime="20210303 14:51:21.582" endtime="20210303 14:51:21.611"></status>
</kw>
<kw name="Fill Text" library="Browser">
<tags>
<tag>PageContent</tag>
<tag>Setter</tag>
</tags>
<doc>Clears and fills the given ``text`` into the text field found by ``selector``.</doc>
<arguments>
<arg>id=user_password</arg>
<arg>${pass_arg}</arg>
</arguments>
<msg timestamp="20210303 14:51:21.611" level="INFO">Fills the text 'pwd123' in the given field.</msg>
<status status="PASS" starttime="20210303 14:51:21.611" endtime="20210303 14:51:21.653"></status>
</kw>
<kw name="Click" library="Browser">
<tags>
<tag>PageContent</tag>
<tag>Setter</tag>
</tags>
<doc>Simulates mouse click on the element found by ``selector``.</doc>
<arguments>
<arg>css=input[type=submit]</arg>
</arguments>
<status status="PASS" starttime="20210303 14:51:21.653" endtime="20210303 14:51:22.144"></status>
</kw>
<status status="PASS" starttime="20210303 14:51:21.581" endtime="20210303 14:51:22.145"></status>
</kw>
<kw name="Alert Should Be" library="login_actions">
<arguments>
<arg>Opps! Dados de acesso incorretos!</arg>
</arguments>
<kw name="Get Text" library="Browser">
<tags>
<tag>Assertion</tag>
<tag>Getter</tag>
<tag>PageContent</tag>
</tags>
<doc>Returns text attribute of the element found by ``selector``.
See the `Finding elements` section for details about the selectors.</doc>
<arguments>
<arg>css=.is-danger .message-body</arg>
<arg>==</arg>
<arg>${expect_arg}</arg>
</arguments>
<status status="PASS" starttime="20210303 14:51:22.146" endtime="20210303 14:51:22.446"></status>
</kw>
<kw name="Sleep" library="BuiltIn">
<doc>Pauses the test executed for the given time.</doc>
<arguments>
<arg>2</arg>
</arguments>
<msg timestamp="20210303 14:51:24.446" level="INFO">Slept 2 seconds</msg>
<status status="PASS" starttime="20210303 14:51:22.446" endtime="20210303 14:51:24.446"></status>
</kw>
<status status="PASS" starttime="20210303 14:51:22.145" endtime="20210303 14:51:24.447"></status>
</kw>
<kw name="Take Screenshot" library="Browser" type="teardown">
<tags>
<tag>PageContent</tag>
</tags>
<doc>Takes a screenshot of the current window and saves it to ``path``. Saves it as a png.</doc>
<msg timestamp="20210303 14:51:24.603" level="INFO" html="yes">&lt;/td&gt;&lt;/tr&gt;&lt;tr&gt;&lt;td colspan="3"&gt;&lt;a href="browser/screenshot/robotframework-browser-screenshot-4.png"&gt;&lt;img src="browser/screenshot/robotframework-browser-screenshot-4.png" width="800px"&gt;&lt;/a&gt;</msg>
<status status="PASS" starttime="20210303 14:51:24.447" endtime="20210303 14:51:24.603"></status>
</kw>
<status status="PASS" starttime="20210303 14:51:18.385" endtime="20210303 14:51:24.603" critical="yes"></status>
</test>
<test id="s1-t5" name="Login campo senha vazio">
<kw name="Open Login Page" library="login_actions">
<kw name="Open Browser" library="Browser">
<tags>
<tag>BrowserControl</tag>
<tag>Setter</tag>
</tags>
<doc>Opens a new browser instance. Use this keyword for quick experiments or debugging sessions.
Use `New Page` directly instead of `Open Browser` for production and automated execution.
See `Browser, Context and Page` for more information about Browser and related concepts.</doc>
<arguments>
<arg>https://parodify.herokuapp.com/users/sign_in</arg>
<arg>chromium</arg>
</arguments>
<msg timestamp="20210303 14:51:24.674" level="WARN">Open Browser is for quick experimentation and debugging only. Use New Page for production.</msg>
<msg timestamp="20210303 14:51:24.675" level="INFO">{"browser": "chromium", "headless": false, "handleSIGINT": true, "handleSIGTERM": true, "handleSIGHUP": true, "timeout": 30000.0, "devtools": false, "slowMo": 0.0}</msg>
<msg timestamp="20210303 14:51:24.977" level="INFO">Successfully created browser with options: {"browser":"chromium","headless":false,"handleSIGINT":true,"handleSIGTERM":true,"handleSIGHUP":true,"timeout":30000,"devtools":false,"slowMo":0}</msg>
<msg timestamp="20210303 14:51:24.977" level="INFO">{"acceptDownloads": false, "ignoreHTTPSErrors": false, "bypassCSP": false, "deviceScaleFactor": 1.0, "isMobile": false, "hasTouch": false, "javaScriptEnabled": true, "offline": false, "hideRfBrowser": false}</msg>
<msg timestamp="20210303 14:51:24.988" level="INFO">Successfully created context with options: {"acceptDownloads":false,"ignoreHTTPSErrors":false,"bypassCSP":false,"deviceScaleFactor":1,"isMobile":false,"hasTouch":false,"javaScriptEnabled":true,"offline":false,"hideRfBrowser":false}</msg>
<msg timestamp="20210303 14:51:27.417" level="INFO">Successfully initialized new page object and opened url: https://parodify.herokuapp.com/users/sign_in</msg>
<status status="PASS" starttime="20210303 14:51:24.674" endtime="20210303 14:51:27.418"></status>
</kw>
<status status="PASS" starttime="20210303 14:51:24.673" endtime="20210303 14:51:27.418"></status>
</kw>
<kw name="Login With" library="login_actions">
<arguments>
<arg>papito@parodify.com</arg>
<arg>${EMPTY}</arg>
</arguments>
<kw name="Fill Text" library="Browser">
<tags>
<tag>PageContent</tag>
<tag>Setter</tag>
</tags>
<doc>Clears and fills the given ``text`` into the text field found by ``selector``.</doc>
<arguments>
<arg>id=user_email</arg>
<arg>${email_arg}</arg>
</arguments>
<msg timestamp="20210303 14:51:27.419" level="INFO">Fills the text 'papito@parodify.com' in the given field.</msg>
<status status="PASS" starttime="20210303 14:51:27.419" endtime="20210303 14:51:27.469"></status>
</kw>
<kw name="Fill Text" library="Browser">
<tags>
<tag>PageContent</tag>
<tag>Setter</tag>
</tags>
<doc>Clears and fills the given ``text`` into the text field found by ``selector``.</doc>
<arguments>
<arg>id=user_password</arg>
<arg>${pass_arg}</arg>
</arguments>
<msg timestamp="20210303 14:51:27.470" level="INFO">Fills the text '' in the given field.</msg>
<status status="PASS" starttime="20210303 14:51:27.469" endtime="20210303 14:51:27.486"></status>
</kw>
<kw name="Click" library="Browser">
<tags>
<tag>PageContent</tag>
<tag>Setter</tag>
</tags>
<doc>Simulates mouse click on the element found by ``selector``.</doc>
<arguments>
<arg>css=input[type=submit]</arg>
</arguments>
<status status="PASS" starttime="20210303 14:51:27.486" endtime="20210303 14:51:27.788"></status>
</kw>
<status status="PASS" starttime="20210303 14:51:27.418" endtime="20210303 14:51:27.788"></status>
</kw>
<kw name="Alert Should Be" library="login_actions">
<arguments>
<arg>Opps! Dados de acesso incorretos!</arg>
</arguments>
<kw name="Get Text" library="Browser">
<tags>
<tag>Assertion</tag>
<tag>Getter</tag>
<tag>PageContent</tag>
</tags>
<doc>Returns text attribute of the element found by ``selector``.
See the `Finding elements` section for details about the selectors.</doc>
<arguments>
<arg>css=.is-danger .message-body</arg>
<arg>==</arg>
<arg>${expect_arg}</arg>
</arguments>
<status status="PASS" starttime="20210303 14:51:27.789" endtime="20210303 14:51:28.062"></status>
</kw>
<kw name="Sleep" library="BuiltIn">
<doc>Pauses the test executed for the given time.</doc>
<arguments>
<arg>2</arg>
</arguments>
<msg timestamp="20210303 14:51:30.062" level="INFO">Slept 2 seconds</msg>
<status status="PASS" starttime="20210303 14:51:28.062" endtime="20210303 14:51:30.062"></status>
</kw>
<status status="PASS" starttime="20210303 14:51:27.789" endtime="20210303 14:51:30.063"></status>
</kw>
<kw name="Take Screenshot" library="Browser" type="teardown">
<tags>
<tag>PageContent</tag>
</tags>
<doc>Takes a screenshot of the current window and saves it to ``path``. Saves it as a png.</doc>
<msg timestamp="20210303 14:51:30.216" level="INFO" html="yes">&lt;/td&gt;&lt;/tr&gt;&lt;tr&gt;&lt;td colspan="3"&gt;&lt;a href="browser/screenshot/robotframework-browser-screenshot-5.png"&gt;&lt;img src="browser/screenshot/robotframework-browser-screenshot-5.png" width="800px"&gt;&lt;/a&gt;</msg>
<status status="PASS" starttime="20210303 14:51:30.063" endtime="20210303 14:51:30.217"></status>
</kw>
<status status="PASS" starttime="20210303 14:51:24.661" endtime="20210303 14:51:30.217" critical="yes"></status>
</test>
<doc>Testes da página de login</doc>
<status status="PASS" starttime="20210303 14:51:01.025" endtime="20210303 14:51:30.290"></status>
</suite>
<statistics>
<total>
<stat pass="5" fail="0">Critical Tests</stat>
<stat pass="5" fail="0">All Tests</stat>
</total>
<tag>
</tag>
<suite>
<stat pass="5" fail="0" id="s1" name="Login Keywords">Login Keywords</stat>
</suite>
</statistics>
<errors>
<msg timestamp="20210303 14:51:01.715" level="WARN">Open Browser is for quick experimentation and debugging only. Use New Page for production.</msg>
<msg timestamp="20210303 14:51:05.912" level="WARN">Open Browser is for quick experimentation and debugging only. Use New Page for production.</msg>
<msg timestamp="20210303 14:51:12.346" level="WARN">Open Browser is for quick experimentation and debugging only. Use New Page for production.</msg>
<msg timestamp="20210303 14:51:18.395" level="WARN">Open Browser is for quick experimentation and debugging only. Use New Page for production.</msg>
<msg timestamp="20210303 14:51:24.674" level="WARN">Open Browser is for quick experimentation and debugging only. Use New Page for production.</msg>
</errors>
</robot>
