<?xml version="1.0" encoding="UTF-8"?>
<robot generator="Robot 3.2.2 (Python 3.9.1 on linux)" generated="20210301 18:55:45.568" rpa="false">
<suite id="s1" name="Login" source="/home/carlosfelixpenha/Projetos_Testes/Parodify/Parodify/login.robot">
<test id="s1-t1" name="Login com sucesso">
<kw name="Open Browser" library="Browser">
<tags>
<tag>BrowserControl</tag>
<tag>Setter</tag>
</tags>
<doc>Opens a new browser instance. Use this keyword for quick experiments or debugging sessions.
Use `New Page` directly instead of `Open Browser` for production and automated execution.
See `Browser, Context and Page` for more information about Browser and related concepts.</doc>
<arguments>
<arg>https://parodify.herokuapp.com/users/sign_in</arg>
<arg>chromium</arg>
</arguments>
<msg timestamp="20210301 18:55:46.146" level="WARN">Open Browser is for quick experimentation and debugging only. Use New Page for production.</msg>
<msg timestamp="20210301 18:55:46.146" level="INFO">{"browser": "chromium", "headless": false, "handleSIGINT": true, "handleSIGTERM": true, "handleSIGHUP": true, "timeout": 30000.0, "devtools": false, "slowMo": 0.0}</msg>
<msg timestamp="20210301 18:55:46.364" level="INFO">Successfully created browser with options: {"browser":"chromium","headless":false,"handleSIGINT":true,"handleSIGTERM":true,"handleSIGHUP":true,"timeout":30000,"devtools":false,"slowMo":0}</msg>
<msg timestamp="20210301 18:55:46.365" level="INFO">{"acceptDownloads": false, "ignoreHTTPSErrors": false, "bypassCSP": false, "deviceScaleFactor": 1.0, "isMobile": false, "hasTouch": false, "javaScriptEnabled": true, "offline": false, "hideRfBrowser": false}</msg>
<msg timestamp="20210301 18:55:46.378" level="INFO">Successfully created context with options: {"acceptDownloads":false,"ignoreHTTPSErrors":false,"bypassCSP":false,"deviceScaleFactor":1,"isMobile":false,"hasTouch":false,"javaScriptEnabled":true,"offline":false,"hideRfBrowser":false}</msg>
<msg timestamp="20210301 18:55:52.398" level="INFO">Successfully initialized new page object and opened url: https://parodify.herokuapp.com/users/sign_in</msg>
<status status="PASS" starttime="20210301 18:55:46.146" endtime="20210301 18:55:52.399"></status>
</kw>
<kw name="Fill Text" library="Browser">
<tags>
<tag>PageContent</tag>
<tag>Setter</tag>
</tags>
<doc>Clears and fills the given ``text`` into the text field found by ``selector``.</doc>
<arguments>
<arg>id=user_email</arg>
<arg>papito@parodify.com</arg>
</arguments>
<msg timestamp="20210301 18:55:52.399" level="INFO">Fills the text 'papito@parodify.com' in the given field.</msg>
<status status="PASS" starttime="20210301 18:55:52.399" endtime="20210301 18:55:52.453"></status>
</kw>
<kw name="Fill Text" library="Browser">
<tags>
<tag>PageContent</tag>
<tag>Setter</tag>
</tags>
<doc>Clears and fills the given ``text`` into the text field found by ``selector``.</doc>
<arguments>
<arg>id=user_password</arg>
<arg>pwd123</arg>
</arguments>
<msg timestamp="20210301 18:55:52.453" level="INFO">Fills the text 'pwd123' in the given field.</msg>
<status status="PASS" starttime="20210301 18:55:52.453" endtime="20210301 18:55:52.470"></status>
</kw>
<kw name="Click" library="Browser">
<tags>
<tag>PageContent</tag>
<tag>Setter</tag>
</tags>
<doc>Simulates mouse click on the element found by ``selector``.</doc>
<arguments>
<arg>css=input[type=submit]</arg>
</arguments>
<status status="PASS" starttime="20210301 18:55:52.471" endtime="20210301 18:55:53.339"></status>
</kw>
<kw name="Wait For Elements State" library="Browser">
<tags>
<tag>PageContent</tag>
<tag>Wait</tag>
</tags>
<doc>Waits for the element found by ``selector`` to satisfy state option.</doc>
<arguments>
<arg>css=a[href$=sign_out]</arg>
<arg>visible</arg>
<arg>10</arg>
</arguments>
<msg timestamp="20210301 18:55:53.755" level="INFO">Wait for Element with selector: css=a[href$=sign_out]</msg>
<status status="PASS" starttime="20210301 18:55:53.339" endtime="20210301 18:55:53.756"></status>
</kw>
<kw name="Sleep" library="BuiltIn">
<doc>Pauses the test executed for the given time.</doc>
<arguments>
<arg>5</arg>
</arguments>
<msg timestamp="20210301 18:55:58.756" level="INFO">Slept 5 seconds</msg>
<status status="PASS" starttime="20210301 18:55:53.756" endtime="20210301 18:55:58.757"></status>
</kw>
<status status="PASS" starttime="20210301 18:55:46.142" endtime="20210301 18:55:58.758" critical="yes"></status>
</test>
<doc>Testes da página de login</doc>
<status status="PASS" starttime="20210301 18:55:45.569" endtime="20210301 18:55:58.845"></status>
</suite>
<statistics>
<total>
<stat pass="1" fail="0">Critical Tests</stat>
<stat pass="1" fail="0">All Tests</stat>
</total>
<tag>
</tag>
<suite>
<stat pass="1" fail="0" id="s1" name="Login">Login</stat>
</suite>
</statistics>
<errors>
<msg timestamp="20210301 18:55:46.146" level="WARN">Open Browser is for quick experimentation and debugging only. Use New Page for production.</msg>
</errors>
</robot>
