<?xml version="1.0" encoding="UTF-8"?>
<robot generator="Robot 3.2.2 (Python 3.9.1 on linux)" generated="20210302 15:57:01.282" rpa="false">
<suite id="s1" name="Login Resource" source="/home/carlosfelixpenha/AprendendoGitHub/login_resource.robot">
<test id="s1-t1" name="Login com sucesso">
<kw name="Open Browser" library="Browser">
<tags>
<tag>BrowserControl</tag>
<tag>Setter</tag>
</tags>
<doc>Opens a new browser instance. Use this keyword for quick experiments or debugging sessions.
Use `New Page` directly instead of `Open Browser` for production and automated execution.
See `Browser, Context and Page` for more information about Browser and related concepts.</doc>
<arguments>
<arg>https://parodify.herokuapp.com/users/sign_in</arg>
<arg>chromium</arg>
</arguments>
<msg timestamp="20210302 15:57:01.851" level="WARN">Open Browser is for quick experimentation and debugging only. Use New Page for production.</msg>
<msg timestamp="20210302 15:57:01.851" level="INFO">{"browser": "chromium", "headless": false, "handleSIGINT": true, "handleSIGTERM": true, "handleSIGHUP": true, "timeout": 30000.0, "devtools": false, "slowMo": 0.0}</msg>
<msg timestamp="20210302 15:57:02.060" level="INFO">Successfully created browser with options: {"browser":"chromium","headless":false,"handleSIGINT":true,"handleSIGTERM":true,"handleSIGHUP":true,"timeout":30000,"devtools":false,"slowMo":0}</msg>
<msg timestamp="20210302 15:57:02.061" level="INFO">{"acceptDownloads": false, "ignoreHTTPSErrors": false, "bypassCSP": false, "deviceScaleFactor": 1.0, "isMobile": false, "hasTouch": false, "javaScriptEnabled": true, "offline": false, "hideRfBrowser": false}</msg>
<msg timestamp="20210302 15:57:02.073" level="INFO">Successfully created context with options: {"acceptDownloads":false,"ignoreHTTPSErrors":false,"bypassCSP":false,"deviceScaleFactor":1,"isMobile":false,"hasTouch":false,"javaScriptEnabled":true,"offline":false,"hideRfBrowser":false}</msg>
<msg timestamp="20210302 15:57:04.832" level="INFO">Successfully initialized new page object and opened url: https://parodify.herokuapp.com/users/sign_in</msg>
<status status="PASS" starttime="20210302 15:57:01.850" endtime="20210302 15:57:04.832"></status>
</kw>
<kw name="Login With" library="login_actions">
<arguments>
<arg>papito@parodify.com</arg>
<arg>pwd123</arg>
</arguments>
<kw name="Fill Text" library="Browser">
<tags>
<tag>PageContent</tag>
<tag>Setter</tag>
</tags>
<doc>Clears and fills the given ``text`` into the text field found by ``selector``.</doc>
<arguments>
<arg>id=user_email</arg>
<arg>${email_arg}</arg>
</arguments>
<msg timestamp="20210302 15:57:04.834" level="INFO">Fills the text 'papito@parodify.com' in the given field.</msg>
<status status="PASS" starttime="20210302 15:57:04.834" endtime="20210302 15:57:04.887"></status>
</kw>
<kw name="Fill Text" library="Browser">
<tags>
<tag>PageContent</tag>
<tag>Setter</tag>
</tags>
<doc>Clears and fills the given ``text`` into the text field found by ``selector``.</doc>
<arguments>
<arg>id=user_password</arg>
<arg>${pass_arg}</arg>
</arguments>
<msg timestamp="20210302 15:57:04.888" level="INFO">Fills the text 'pwd123' in the given field.</msg>
<status status="PASS" starttime="20210302 15:57:04.888" endtime="20210302 15:57:04.904"></status>
</kw>
<kw name="Click" library="Browser">
<tags>
<tag>PageContent</tag>
<tag>Setter</tag>
</tags>
<doc>Simulates mouse click on the element found by ``selector``.</doc>
<arguments>
<arg>css=input[type=submit]</arg>
</arguments>
<status status="PASS" starttime="20210302 15:57:04.904" endtime="20210302 15:57:05.786"></status>
</kw>
<status status="PASS" starttime="20210302 15:57:04.833" endtime="20210302 15:57:05.786"></status>
</kw>
<kw name="Wait For Elements State" library="Browser">
<tags>
<tag>PageContent</tag>
<tag>Wait</tag>
</tags>
<doc>Waits for the element found by ``selector`` to satisfy state option.</doc>
<arguments>
<arg>css=a[href$=sign_out]</arg>
<arg>visible</arg>
<arg>10</arg>
</arguments>
<msg timestamp="20210302 15:57:06.173" level="INFO">Wait for Element with selector: css=a[href$=sign_out]</msg>
<status status="PASS" starttime="20210302 15:57:05.786" endtime="20210302 15:57:06.173"></status>
</kw>
<kw name="Sleep" library="BuiltIn">
<doc>Pauses the test executed for the given time.</doc>
<arguments>
<arg>2</arg>
</arguments>
<msg timestamp="20210302 15:57:08.174" level="INFO">Slept 2 seconds</msg>
<status status="PASS" starttime="20210302 15:57:06.173" endtime="20210302 15:57:08.175"></status>
</kw>
<kw name="Take Screenshot" library="Browser" type="teardown">
<tags>
<tag>PageContent</tag>
</tags>
<doc>Takes a screenshot of the current window and saves it to ``path``. Saves it as a png.</doc>
<msg timestamp="20210302 15:57:08.399" level="INFO" html="yes">&lt;/td&gt;&lt;/tr&gt;&lt;tr&gt;&lt;td colspan="3"&gt;&lt;a href="browser/screenshot/robotframework-browser-screenshot-16.png"&gt;&lt;img src="browser/screenshot/robotframework-browser-screenshot-16.png" width="800px"&gt;&lt;/a&gt;</msg>
<status status="PASS" starttime="20210302 15:57:08.176" endtime="20210302 15:57:08.399"></status>
</kw>
<status status="PASS" starttime="20210302 15:57:01.847" endtime="20210302 15:57:08.399" critical="yes"></status>
</test>
<test id="s1-t2" name="Login senha incorreta">
<kw name="Open Browser" library="Browser">
<tags>
<tag>BrowserControl</tag>
<tag>Setter</tag>
</tags>
<doc>Opens a new browser instance. Use this keyword for quick experiments or debugging sessions.
Use `New Page` directly instead of `Open Browser` for production and automated execution.
See `Browser, Context and Page` for more information about Browser and related concepts.</doc>
<arguments>
<arg>https://parodify.herokuapp.com/users/sign_in</arg>
<arg>chromium</arg>
</arguments>
<msg timestamp="20210302 15:57:08.455" level="WARN">Open Browser is for quick experimentation and debugging only. Use New Page for production.</msg>
<msg timestamp="20210302 15:57:08.456" level="INFO">{"browser": "chromium", "headless": false, "handleSIGINT": true, "handleSIGTERM": true, "handleSIGHUP": true, "timeout": 30000.0, "devtools": false, "slowMo": 0.0}</msg>
<msg timestamp="20210302 15:57:08.687" level="INFO">Successfully created browser with options: {"browser":"chromium","headless":false,"handleSIGINT":true,"handleSIGTERM":true,"handleSIGHUP":true,"timeout":30000,"devtools":false,"slowMo":0}</msg>
<msg timestamp="20210302 15:57:08.688" level="INFO">{"acceptDownloads": false, "ignoreHTTPSErrors": false, "bypassCSP": false, "deviceScaleFactor": 1.0, "isMobile": false, "hasTouch": false, "javaScriptEnabled": true, "offline": false, "hideRfBrowser": false}</msg>
<msg timestamp="20210302 15:57:08.699" level="INFO">Successfully created context with options: {"acceptDownloads":false,"ignoreHTTPSErrors":false,"bypassCSP":false,"deviceScaleFactor":1,"isMobile":false,"hasTouch":false,"javaScriptEnabled":true,"offline":false,"hideRfBrowser":false}</msg>
<msg timestamp="20210302 15:57:11.303" level="INFO">Successfully initialized new page object and opened url: https://parodify.herokuapp.com/users/sign_in</msg>
<status status="PASS" starttime="20210302 15:57:08.455" endtime="20210302 15:57:11.304"></status>
</kw>
<kw name="Login With" library="login_actions">
<arguments>
<arg>papito@parodify.com</arg>
<arg>abc123</arg>
</arguments>
<kw name="Fill Text" library="Browser">
<tags>
<tag>PageContent</tag>
<tag>Setter</tag>
</tags>
<doc>Clears and fills the given ``text`` into the text field found by ``selector``.</doc>
<arguments>
<arg>id=user_email</arg>
<arg>${email_arg}</arg>
</arguments>
<msg timestamp="20210302 15:57:11.307" level="INFO">Fills the text 'papito@parodify.com' in the given field.</msg>
<status status="PASS" starttime="20210302 15:57:11.306" endtime="20210302 15:57:11.363"></status>
</kw>
<kw name="Fill Text" library="Browser">
<tags>
<tag>PageContent</tag>
<tag>Setter</tag>
</tags>
<doc>Clears and fills the given ``text`` into the text field found by ``selector``.</doc>
<arguments>
<arg>id=user_password</arg>
<arg>${pass_arg}</arg>
</arguments>
<msg timestamp="20210302 15:57:11.363" level="INFO">Fills the text 'abc123' in the given field.</msg>
<status status="PASS" starttime="20210302 15:57:11.363" endtime="20210302 15:57:11.379"></status>
</kw>
<kw name="Click" library="Browser">
<tags>
<tag>PageContent</tag>
<tag>Setter</tag>
</tags>
<doc>Simulates mouse click on the element found by ``selector``.</doc>
<arguments>
<arg>css=input[type=submit]</arg>
</arguments>
<status status="PASS" starttime="20210302 15:57:11.379" endtime="20210302 15:57:12.008"></status>
</kw>
<status status="PASS" starttime="20210302 15:57:11.304" endtime="20210302 15:57:12.008"></status>
</kw>
<kw name="Get Text" library="Browser">
<tags>
<tag>Assertion</tag>
<tag>Getter</tag>
<tag>PageContent</tag>
</tags>
<doc>Returns text attribute of the element found by ``selector``.
See the `Finding elements` section for details about the selectors.</doc>
<arguments>
<arg>css=.is-danger .message-body</arg>
<arg>==</arg>
<arg>Opps! Dados de acesso incorretos!</arg>
</arguments>
<status status="PASS" starttime="20210302 15:57:12.008" endtime="20210302 15:57:12.282"></status>
</kw>
<kw name="Sleep" library="BuiltIn">
<doc>Pauses the test executed for the given time.</doc>
<arguments>
<arg>2</arg>
</arguments>
<msg timestamp="20210302 15:57:14.282" level="INFO">Slept 2 seconds</msg>
<status status="PASS" starttime="20210302 15:57:12.282" endtime="20210302 15:57:14.283"></status>
</kw>
<kw name="Take Screenshot" library="Browser" type="teardown">
<tags>
<tag>PageContent</tag>
</tags>
<doc>Takes a screenshot of the current window and saves it to ``path``. Saves it as a png.</doc>
<msg timestamp="20210302 15:57:14.417" level="INFO" html="yes">&lt;/td&gt;&lt;/tr&gt;&lt;tr&gt;&lt;td colspan="3"&gt;&lt;a href="browser/screenshot/robotframework-browser-screenshot-17.png"&gt;&lt;img src="browser/screenshot/robotframework-browser-screenshot-17.png" width="800px"&gt;&lt;/a&gt;</msg>
<status status="PASS" starttime="20210302 15:57:14.284" endtime="20210302 15:57:14.418"></status>
</kw>
<status status="PASS" starttime="20210302 15:57:08.450" endtime="20210302 15:57:14.418" critical="yes"></status>
</test>
<test id="s1-t3" name="Login e-mail incorreto">
<kw name="Open Browser" library="Browser">
<tags>
<tag>BrowserControl</tag>
<tag>Setter</tag>
</tags>
<doc>Opens a new browser instance. Use this keyword for quick experiments or debugging sessions.
Use `New Page` directly instead of `Open Browser` for production and automated execution.
See `Browser, Context and Page` for more information about Browser and related concepts.</doc>
<arguments>
<arg>https://parodify.herokuapp.com/users/sign_in</arg>
<arg>chromium</arg>
</arguments>
<msg timestamp="20210302 15:57:14.467" level="WARN">Open Browser is for quick experimentation and debugging only. Use New Page for production.</msg>
<msg timestamp="20210302 15:57:14.467" level="INFO">{"browser": "chromium", "headless": false, "handleSIGINT": true, "handleSIGTERM": true, "handleSIGHUP": true, "timeout": 30000.0, "devtools": false, "slowMo": 0.0}</msg>
<msg timestamp="20210302 15:57:14.692" level="INFO">Successfully created browser with options: {"browser":"chromium","headless":false,"handleSIGINT":true,"handleSIGTERM":true,"handleSIGHUP":true,"timeout":30000,"devtools":false,"slowMo":0}</msg>
<msg timestamp="20210302 15:57:14.694" level="INFO">{"acceptDownloads": false, "ignoreHTTPSErrors": false, "bypassCSP": false, "deviceScaleFactor": 1.0, "isMobile": false, "hasTouch": false, "javaScriptEnabled": true, "offline": false, "hideRfBrowser": false}</msg>
<msg timestamp="20210302 15:57:14.704" level="INFO">Successfully created context with options: {"acceptDownloads":false,"ignoreHTTPSErrors":false,"bypassCSP":false,"deviceScaleFactor":1,"isMobile":false,"hasTouch":false,"javaScriptEnabled":true,"offline":false,"hideRfBrowser":false}</msg>
<msg timestamp="20210302 15:57:17.601" level="INFO">Successfully initialized new page object and opened url: https://parodify.herokuapp.com/users/sign_in</msg>
<status status="PASS" starttime="20210302 15:57:14.467" endtime="20210302 15:57:17.602"></status>
</kw>
<kw name="Login With" library="login_actions">
<arguments>
<arg>4041@parodify.com</arg>
<arg>pwd123</arg>
</arguments>
<kw name="Fill Text" library="Browser">
<tags>
<tag>PageContent</tag>
<tag>Setter</tag>
</tags>
<doc>Clears and fills the given ``text`` into the text field found by ``selector``.</doc>
<arguments>
<arg>id=user_email</arg>
<arg>${email_arg}</arg>
</arguments>
<msg timestamp="20210302 15:57:17.602" level="INFO">Fills the text '4041@parodify.com' in the given field.</msg>
<status status="PASS" starttime="20210302 15:57:17.602" endtime="20210302 15:57:17.645"></status>
</kw>
<kw name="Fill Text" library="Browser">
<tags>
<tag>PageContent</tag>
<tag>Setter</tag>
</tags>
<doc>Clears and fills the given ``text`` into the text field found by ``selector``.</doc>
<arguments>
<arg>id=user_password</arg>
<arg>${pass_arg}</arg>
</arguments>
<msg timestamp="20210302 15:57:17.645" level="INFO">Fills the text 'pwd123' in the given field.</msg>
<status status="PASS" starttime="20210302 15:57:17.645" endtime="20210302 15:57:17.660"></status>
</kw>
<kw name="Click" library="Browser">
<tags>
<tag>PageContent</tag>
<tag>Setter</tag>
</tags>
<doc>Simulates mouse click on the element found by ``selector``.</doc>
<arguments>
<arg>css=input[type=submit]</arg>
</arguments>
<status status="PASS" starttime="20210302 15:57:17.661" endtime="20210302 15:57:18.147"></status>
</kw>
<status status="PASS" starttime="20210302 15:57:17.602" endtime="20210302 15:57:18.148"></status>
</kw>
<kw name="Get Text" library="Browser">
<tags>
<tag>Assertion</tag>
<tag>Getter</tag>
<tag>PageContent</tag>
</tags>
<doc>Returns text attribute of the element found by ``selector``.
See the `Finding elements` section for details about the selectors.</doc>
<arguments>
<arg>css=.is-danger .message-body</arg>
<arg>==</arg>
<arg>Opps! Dados de acesso incorretos!</arg>
</arguments>
<status status="PASS" starttime="20210302 15:57:18.148" endtime="20210302 15:57:18.422"></status>
</kw>
<kw name="Sleep" library="BuiltIn">
<doc>Pauses the test executed for the given time.</doc>
<arguments>
<arg>2</arg>
</arguments>
<msg timestamp="20210302 15:57:20.422" level="INFO">Slept 2 seconds</msg>
<status status="PASS" starttime="20210302 15:57:18.422" endtime="20210302 15:57:20.422"></status>
</kw>
<kw name="Take Screenshot" library="Browser" type="teardown">
<tags>
<tag>PageContent</tag>
</tags>
<doc>Takes a screenshot of the current window and saves it to ``path``. Saves it as a png.</doc>
<msg timestamp="20210302 15:57:20.567" level="INFO" html="yes">&lt;/td&gt;&lt;/tr&gt;&lt;tr&gt;&lt;td colspan="3"&gt;&lt;a href="browser/screenshot/robotframework-browser-screenshot-18.png"&gt;&lt;img src="browser/screenshot/robotframework-browser-screenshot-18.png" width="800px"&gt;&lt;/a&gt;</msg>
<status status="PASS" starttime="20210302 15:57:20.423" endtime="20210302 15:57:20.567"></status>
</kw>
<status status="PASS" starttime="20210302 15:57:14.461" endtime="20210302 15:57:20.567" critical="yes"></status>
</test>
<test id="s1-t4" name="Login campo e-mail vazio">
<kw name="Open Browser" library="Browser">
<tags>
<tag>BrowserControl</tag>
<tag>Setter</tag>
</tags>
<doc>Opens a new browser instance. Use this keyword for quick experiments or debugging sessions.
Use `New Page` directly instead of `Open Browser` for production and automated execution.
See `Browser, Context and Page` for more information about Browser and related concepts.</doc>
<arguments>
<arg>https://parodify.herokuapp.com/users/sign_in</arg>
<arg>chromium</arg>
</arguments>
<msg timestamp="20210302 15:57:20.612" level="WARN">Open Browser is for quick experimentation and debugging only. Use New Page for production.</msg>
<msg timestamp="20210302 15:57:20.612" level="INFO">{"browser": "chromium", "headless": false, "handleSIGINT": true, "handleSIGTERM": true, "handleSIGHUP": true, "timeout": 30000.0, "devtools": false, "slowMo": 0.0}</msg>
<msg timestamp="20210302 15:57:20.858" level="INFO">Successfully created browser with options: {"browser":"chromium","headless":false,"handleSIGINT":true,"handleSIGTERM":true,"handleSIGHUP":true,"timeout":30000,"devtools":false,"slowMo":0}</msg>
<msg timestamp="20210302 15:57:20.860" level="INFO">{"acceptDownloads": false, "ignoreHTTPSErrors": false, "bypassCSP": false, "deviceScaleFactor": 1.0, "isMobile": false, "hasTouch": false, "javaScriptEnabled": true, "offline": false, "hideRfBrowser": false}</msg>
<msg timestamp="20210302 15:57:20.872" level="INFO">Successfully created context with options: {"acceptDownloads":false,"ignoreHTTPSErrors":false,"bypassCSP":false,"deviceScaleFactor":1,"isMobile":false,"hasTouch":false,"javaScriptEnabled":true,"offline":false,"hideRfBrowser":false}</msg>
<msg timestamp="20210302 15:57:23.545" level="INFO">Successfully initialized new page object and opened url: https://parodify.herokuapp.com/users/sign_in</msg>
<status status="PASS" starttime="20210302 15:57:20.611" endtime="20210302 15:57:23.545"></status>
</kw>
<kw name="Login With" library="login_actions">
<arguments>
<arg>${EMPTY}</arg>
<arg>pwd123</arg>
</arguments>
<kw name="Fill Text" library="Browser">
<tags>
<tag>PageContent</tag>
<tag>Setter</tag>
</tags>
<doc>Clears and fills the given ``text`` into the text field found by ``selector``.</doc>
<arguments>
<arg>id=user_email</arg>
<arg>${email_arg}</arg>
</arguments>
<msg timestamp="20210302 15:57:23.546" level="INFO">Fills the text '' in the given field.</msg>
<status status="PASS" starttime="20210302 15:57:23.546" endtime="20210302 15:57:23.574"></status>
</kw>
<kw name="Fill Text" library="Browser">
<tags>
<tag>PageContent</tag>
<tag>Setter</tag>
</tags>
<doc>Clears and fills the given ``text`` into the text field found by ``selector``.</doc>
<arguments>
<arg>id=user_password</arg>
<arg>${pass_arg}</arg>
</arguments>
<msg timestamp="20210302 15:57:23.575" level="INFO">Fills the text 'pwd123' in the given field.</msg>
<status status="PASS" starttime="20210302 15:57:23.574" endtime="20210302 15:57:23.609"></status>
</kw>
<kw name="Click" library="Browser">
<tags>
<tag>PageContent</tag>
<tag>Setter</tag>
</tags>
<doc>Simulates mouse click on the element found by ``selector``.</doc>
<arguments>
<arg>css=input[type=submit]</arg>
</arguments>
<status status="PASS" starttime="20210302 15:57:23.609" endtime="20210302 15:57:24.263"></status>
</kw>
<status status="PASS" starttime="20210302 15:57:23.545" endtime="20210302 15:57:24.263"></status>
</kw>
<kw name="Get Text" library="Browser">
<tags>
<tag>Assertion</tag>
<tag>Getter</tag>
<tag>PageContent</tag>
</tags>
<doc>Returns text attribute of the element found by ``selector``.
See the `Finding elements` section for details about the selectors.</doc>
<arguments>
<arg>css=.is-danger .message-body</arg>
<arg>==</arg>
<arg>Opps! Dados de acesso incorretos!</arg>
</arguments>
<status status="PASS" starttime="20210302 15:57:24.264" endtime="20210302 15:57:24.536"></status>
</kw>
<kw name="Sleep" library="BuiltIn">
<doc>Pauses the test executed for the given time.</doc>
<arguments>
<arg>2</arg>
</arguments>
<msg timestamp="20210302 15:57:26.537" level="INFO">Slept 2 seconds</msg>
<status status="PASS" starttime="20210302 15:57:24.536" endtime="20210302 15:57:26.537"></status>
</kw>
<kw name="Take Screenshot" library="Browser" type="teardown">
<tags>
<tag>PageContent</tag>
</tags>
<doc>Takes a screenshot of the current window and saves it to ``path``. Saves it as a png.</doc>
<msg timestamp="20210302 15:57:26.717" level="INFO" html="yes">&lt;/td&gt;&lt;/tr&gt;&lt;tr&gt;&lt;td colspan="3"&gt;&lt;a href="browser/screenshot/robotframework-browser-screenshot-19.png"&gt;&lt;img src="browser/screenshot/robotframework-browser-screenshot-19.png" width="800px"&gt;&lt;/a&gt;</msg>
<status status="PASS" starttime="20210302 15:57:26.539" endtime="20210302 15:57:26.718"></status>
</kw>
<status status="PASS" starttime="20210302 15:57:20.606" endtime="20210302 15:57:26.718" critical="yes"></status>
</test>
<test id="s1-t5" name="Login campo senha vazio">
<kw name="Open Browser" library="Browser">
<tags>
<tag>BrowserControl</tag>
<tag>Setter</tag>
</tags>
<doc>Opens a new browser instance. Use this keyword for quick experiments or debugging sessions.
Use `New Page` directly instead of `Open Browser` for production and automated execution.
See `Browser, Context and Page` for more information about Browser and related concepts.</doc>
<arguments>
<arg>https://parodify.herokuapp.com/users/sign_in</arg>
<arg>chromium</arg>
</arguments>
<msg timestamp="20210302 15:57:26.758" level="WARN">Open Browser is for quick experimentation and debugging only. Use New Page for production.</msg>
<msg timestamp="20210302 15:57:26.758" level="INFO">{"browser": "chromium", "headless": false, "handleSIGINT": true, "handleSIGTERM": true, "handleSIGHUP": true, "timeout": 30000.0, "devtools": false, "slowMo": 0.0}</msg>
<msg timestamp="20210302 15:57:26.987" level="INFO">Successfully created browser with options: {"browser":"chromium","headless":false,"handleSIGINT":true,"handleSIGTERM":true,"handleSIGHUP":true,"timeout":30000,"devtools":false,"slowMo":0}</msg>
<msg timestamp="20210302 15:57:26.988" level="INFO">{"acceptDownloads": false, "ignoreHTTPSErrors": false, "bypassCSP": false, "deviceScaleFactor": 1.0, "isMobile": false, "hasTouch": false, "javaScriptEnabled": true, "offline": false, "hideRfBrowser": false}</msg>
<msg timestamp="20210302 15:57:26.998" level="INFO">Successfully created context with options: {"acceptDownloads":false,"ignoreHTTPSErrors":false,"bypassCSP":false,"deviceScaleFactor":1,"isMobile":false,"hasTouch":false,"javaScriptEnabled":true,"offline":false,"hideRfBrowser":false}</msg>
<msg timestamp="20210302 15:57:30.124" level="INFO">Successfully initialized new page object and opened url: https://parodify.herokuapp.com/users/sign_in</msg>
<status status="PASS" starttime="20210302 15:57:26.757" endtime="20210302 15:57:30.125"></status>
</kw>
<kw name="Login With" library="login_actions">
<arguments>
<arg>papito@parodify.com</arg>
<arg>${EMPTY}</arg>
</arguments>
<kw name="Fill Text" library="Browser">
<tags>
<tag>PageContent</tag>
<tag>Setter</tag>
</tags>
<doc>Clears and fills the given ``text`` into the text field found by ``selector``.</doc>
<arguments>
<arg>id=user_email</arg>
<arg>${email_arg}</arg>
</arguments>
<msg timestamp="20210302 15:57:30.126" level="INFO">Fills the text 'papito@parodify.com' in the given field.</msg>
<status status="PASS" starttime="20210302 15:57:30.126" endtime="20210302 15:57:30.170"></status>
</kw>
<kw name="Fill Text" library="Browser">
<tags>
<tag>PageContent</tag>
<tag>Setter</tag>
</tags>
<doc>Clears and fills the given ``text`` into the text field found by ``selector``.</doc>
<arguments>
<arg>id=user_password</arg>
<arg>${pass_arg}</arg>
</arguments>
<msg timestamp="20210302 15:57:30.170" level="INFO">Fills the text '' in the given field.</msg>
<status status="PASS" starttime="20210302 15:57:30.170" endtime="20210302 15:57:30.185"></status>
</kw>
<kw name="Click" library="Browser">
<tags>
<tag>PageContent</tag>
<tag>Setter</tag>
</tags>
<doc>Simulates mouse click on the element found by ``selector``.</doc>
<arguments>
<arg>css=input[type=submit]</arg>
</arguments>
<status status="PASS" starttime="20210302 15:57:30.186" endtime="20210302 15:57:30.578"></status>
</kw>
<status status="PASS" starttime="20210302 15:57:30.125" endtime="20210302 15:57:30.578"></status>
</kw>
<kw name="Get Text" library="Browser">
<tags>
<tag>Assertion</tag>
<tag>Getter</tag>
<tag>PageContent</tag>
</tags>
<doc>Returns text attribute of the element found by ``selector``.
See the `Finding elements` section for details about the selectors.</doc>
<arguments>
<arg>css=.is-danger .message-body</arg>
<arg>==</arg>
<arg>Opps! Dados de acesso incorretos!</arg>
</arguments>
<status status="PASS" starttime="20210302 15:57:30.578" endtime="20210302 15:57:30.836"></status>
</kw>
<kw name="Sleep" library="BuiltIn">
<doc>Pauses the test executed for the given time.</doc>
<arguments>
<arg>2</arg>
</arguments>
<msg timestamp="20210302 15:57:32.837" level="INFO">Slept 2 seconds</msg>
<status status="PASS" starttime="20210302 15:57:30.836" endtime="20210302 15:57:32.838"></status>
</kw>
<kw name="Take Screenshot" library="Browser" type="teardown">
<tags>
<tag>PageContent</tag>
</tags>
<doc>Takes a screenshot of the current window and saves it to ``path``. Saves it as a png.</doc>
<msg timestamp="20210302 15:57:33.012" level="INFO" html="yes">&lt;/td&gt;&lt;/tr&gt;&lt;tr&gt;&lt;td colspan="3"&gt;&lt;a href="browser/screenshot/robotframework-browser-screenshot-20.png"&gt;&lt;img src="browser/screenshot/robotframework-browser-screenshot-20.png" width="800px"&gt;&lt;/a&gt;</msg>
<status status="PASS" starttime="20210302 15:57:32.839" endtime="20210302 15:57:33.012"></status>
</kw>
<status status="PASS" starttime="20210302 15:57:26.752" endtime="20210302 15:57:33.012" critical="yes"></status>
</test>
<doc>Testes da página de login</doc>
<status status="PASS" starttime="20210302 15:57:01.282" endtime="20210302 15:57:33.053"></status>
</suite>
<statistics>
<total>
<stat pass="5" fail="0">Critical Tests</stat>
<stat pass="5" fail="0">All Tests</stat>
</total>
<tag>
</tag>
<suite>
<stat pass="5" fail="0" id="s1" name="Login Resource">Login Resource</stat>
</suite>
</statistics>
<errors>
<msg timestamp="20210302 15:57:01.851" level="WARN">Open Browser is for quick experimentation and debugging only. Use New Page for production.</msg>
<msg timestamp="20210302 15:57:08.455" level="WARN">Open Browser is for quick experimentation and debugging only. Use New Page for production.</msg>
<msg timestamp="20210302 15:57:14.467" level="WARN">Open Browser is for quick experimentation and debugging only. Use New Page for production.</msg>
<msg timestamp="20210302 15:57:20.612" level="WARN">Open Browser is for quick experimentation and debugging only. Use New Page for production.</msg>
<msg timestamp="20210302 15:57:26.758" level="WARN">Open Browser is for quick experimentation and debugging only. Use New Page for production.</msg>
</errors>
</robot>
