<?xml version="1.0" encoding="UTF-8"?>
<robot generator="Robot 3.2.2 (Python 3.9.2 on linux)" generated="20210303 14:33:16.626" rpa="false">
<suite id="s1" name="Login Keywords" source="/home/carlosfelixpenha/AprendendoGitHub/login_keywords.robot">
<test id="s1-t1" name="Login com sucesso">
<kw name="Open Login Page" library="login_actions">
<kw name="Open Browser" library="Browser">
<tags>
<tag>BrowserControl</tag>
<tag>Setter</tag>
</tags>
<doc>Opens a new browser instance. Use this keyword for quick experiments or debugging sessions.
Use `New Page` directly instead of `Open Browser` for production and automated execution.
See `Browser, Context and Page` for more information about Browser and related concepts.</doc>
<arguments>
<arg>https://parodify.herokuapp.com/users/sign_in</arg>
<arg>chromium</arg>
</arguments>
<msg timestamp="20210303 14:33:17.218" level="WARN">Open Browser is for quick experimentation and debugging only. Use New Page for production.</msg>
<msg timestamp="20210303 14:33:17.219" level="INFO">{"browser": "chromium", "headless": false, "handleSIGINT": true, "handleSIGTERM": true, "handleSIGHUP": true, "timeout": 30000.0, "devtools": false, "slowMo": 0.0}</msg>
<msg timestamp="20210303 14:33:17.423" level="INFO">Successfully created browser with options: {"browser":"chromium","headless":false,"handleSIGINT":true,"handleSIGTERM":true,"handleSIGHUP":true,"timeout":30000,"devtools":false,"slowMo":0}</msg>
<msg timestamp="20210303 14:33:17.424" level="INFO">{"acceptDownloads": false, "ignoreHTTPSErrors": false, "bypassCSP": false, "deviceScaleFactor": 1.0, "isMobile": false, "hasTouch": false, "javaScriptEnabled": true, "offline": false, "hideRfBrowser": false}</msg>
<msg timestamp="20210303 14:33:17.436" level="INFO">Successfully created context with options: {"acceptDownloads":false,"ignoreHTTPSErrors":false,"bypassCSP":false,"deviceScaleFactor":1,"isMobile":false,"hasTouch":false,"javaScriptEnabled":true,"offline":false,"hideRfBrowser":false}</msg>
<msg timestamp="20210303 14:33:21.260" level="INFO">Successfully initialized new page object and opened url: https://parodify.herokuapp.com/users/sign_in</msg>
<status status="PASS" starttime="20210303 14:33:17.218" endtime="20210303 14:33:21.261"></status>
</kw>
<status status="PASS" starttime="20210303 14:33:17.218" endtime="20210303 14:33:21.261"></status>
</kw>
<kw name="Login With" library="login_actions">
<arguments>
<arg>papito@parodify.com</arg>
<arg>pwd123</arg>
</arguments>
<kw name="Fill Text" library="Browser">
<tags>
<tag>PageContent</tag>
<tag>Setter</tag>
</tags>
<doc>Clears and fills the given ``text`` into the text field found by ``selector``.</doc>
<arguments>
<arg>id=user_email</arg>
<arg>${email_arg}</arg>
</arguments>
<msg timestamp="20210303 14:33:21.262" level="INFO">Fills the text 'papito@parodify.com' in the given field.</msg>
<status status="PASS" starttime="20210303 14:33:21.262" endtime="20210303 14:33:21.320"></status>
</kw>
<kw name="Fill Text" library="Browser">
<tags>
<tag>PageContent</tag>
<tag>Setter</tag>
</tags>
<doc>Clears and fills the given ``text`` into the text field found by ``selector``.</doc>
<arguments>
<arg>id=user_password</arg>
<arg>${pass_arg}</arg>
</arguments>
<msg timestamp="20210303 14:33:21.320" level="INFO">Fills the text 'pwd123' in the given field.</msg>
<status status="PASS" starttime="20210303 14:33:21.320" endtime="20210303 14:33:21.334"></status>
</kw>
<kw name="Click" library="Browser">
<tags>
<tag>PageContent</tag>
<tag>Setter</tag>
</tags>
<doc>Simulates mouse click on the element found by ``selector``.</doc>
<arguments>
<arg>css=input[type=submit]</arg>
</arguments>
<status status="PASS" starttime="20210303 14:33:21.335" endtime="20210303 14:33:22.035"></status>
</kw>
<status status="PASS" starttime="20210303 14:33:21.261" endtime="20210303 14:33:22.035"></status>
</kw>
<kw name="Wait For Elements State" library="Browser">
<tags>
<tag>PageContent</tag>
<tag>Wait</tag>
</tags>
<doc>Waits for the element found by ``selector`` to satisfy state option.</doc>
<arguments>
<arg>css=a[href$=sign_out]</arg>
<arg>visible</arg>
<arg>10</arg>
</arguments>
<msg timestamp="20210303 14:33:22.327" level="INFO">Wait for Element with selector: css=a[href$=sign_out]</msg>
<status status="PASS" starttime="20210303 14:33:22.035" endtime="20210303 14:33:22.327"></status>
</kw>
<kw name="Sleep" library="BuiltIn" type="teardown">
<doc>Pauses the test executed for the given time.</doc>
<arguments>
<arg>2</arg>
<arg>Take Screenshot</arg>
</arguments>
<msg timestamp="20210303 14:33:24.329" level="INFO">Slept 2 seconds</msg>
<msg timestamp="20210303 14:33:24.329" level="INFO">Take Screenshot</msg>
<status status="PASS" starttime="20210303 14:33:22.328" endtime="20210303 14:33:24.330"></status>
</kw>
<status status="PASS" starttime="20210303 14:33:17.214" endtime="20210303 14:33:24.330" critical="yes"></status>
</test>
<test id="s1-t2" name="Login senha incorreta">
<kw name="Open Login Page" library="login_actions">
<kw name="Open Browser" library="Browser">
<tags>
<tag>BrowserControl</tag>
<tag>Setter</tag>
</tags>
<doc>Opens a new browser instance. Use this keyword for quick experiments or debugging sessions.
Use `New Page` directly instead of `Open Browser` for production and automated execution.
See `Browser, Context and Page` for more information about Browser and related concepts.</doc>
<arguments>
<arg>https://parodify.herokuapp.com/users/sign_in</arg>
<arg>chromium</arg>
</arguments>
<msg timestamp="20210303 14:33:24.490" level="WARN">Open Browser is for quick experimentation and debugging only. Use New Page for production.</msg>
<msg timestamp="20210303 14:33:24.491" level="INFO">{"browser": "chromium", "headless": false, "handleSIGINT": true, "handleSIGTERM": true, "handleSIGHUP": true, "timeout": 30000.0, "devtools": false, "slowMo": 0.0}</msg>
<msg timestamp="20210303 14:33:24.723" level="INFO">Successfully created browser with options: {"browser":"chromium","headless":false,"handleSIGINT":true,"handleSIGTERM":true,"handleSIGHUP":true,"timeout":30000,"devtools":false,"slowMo":0}</msg>
<msg timestamp="20210303 14:33:24.724" level="INFO">{"acceptDownloads": false, "ignoreHTTPSErrors": false, "bypassCSP": false, "deviceScaleFactor": 1.0, "isMobile": false, "hasTouch": false, "javaScriptEnabled": true, "offline": false, "hideRfBrowser": false}</msg>
<msg timestamp="20210303 14:33:24.736" level="INFO">Successfully created context with options: {"acceptDownloads":false,"ignoreHTTPSErrors":false,"bypassCSP":false,"deviceScaleFactor":1,"isMobile":false,"hasTouch":false,"javaScriptEnabled":true,"offline":false,"hideRfBrowser":false}</msg>
<msg timestamp="20210303 14:33:27.277" level="INFO">Successfully initialized new page object and opened url: https://parodify.herokuapp.com/users/sign_in</msg>
<status status="PASS" starttime="20210303 14:33:24.490" endtime="20210303 14:33:27.277"></status>
</kw>
<status status="PASS" starttime="20210303 14:33:24.490" endtime="20210303 14:33:27.277"></status>
</kw>
<kw name="Login With" library="login_actions">
<arguments>
<arg>papito@parodify.com</arg>
<arg>abc123</arg>
</arguments>
<kw name="Fill Text" library="Browser">
<tags>
<tag>PageContent</tag>
<tag>Setter</tag>
</tags>
<doc>Clears and fills the given ``text`` into the text field found by ``selector``.</doc>
<arguments>
<arg>id=user_email</arg>
<arg>${email_arg}</arg>
</arguments>
<msg timestamp="20210303 14:33:27.278" level="INFO">Fills the text 'papito@parodify.com' in the given field.</msg>
<status status="PASS" starttime="20210303 14:33:27.278" endtime="20210303 14:33:27.321"></status>
</kw>
<kw name="Fill Text" library="Browser">
<tags>
<tag>PageContent</tag>
<tag>Setter</tag>
</tags>
<doc>Clears and fills the given ``text`` into the text field found by ``selector``.</doc>
<arguments>
<arg>id=user_password</arg>
<arg>${pass_arg}</arg>
</arguments>
<msg timestamp="20210303 14:33:27.321" level="INFO">Fills the text 'abc123' in the given field.</msg>
<status status="PASS" starttime="20210303 14:33:27.321" endtime="20210303 14:33:27.339"></status>
</kw>
<kw name="Click" library="Browser">
<tags>
<tag>PageContent</tag>
<tag>Setter</tag>
</tags>
<doc>Simulates mouse click on the element found by ``selector``.</doc>
<arguments>
<arg>css=input[type=submit]</arg>
</arguments>
<status status="PASS" starttime="20210303 14:33:27.339" endtime="20210303 14:33:27.915"></status>
</kw>
<status status="PASS" starttime="20210303 14:33:27.277" endtime="20210303 14:33:27.916"></status>
</kw>
<kw name="Alert Should Be" library="login_actions">
<arguments>
<arg>Opps! Dados de acesso incorretos!</arg>
</arguments>
<kw name="Get Text" library="Browser">
<tags>
<tag>Assertion</tag>
<tag>Getter</tag>
<tag>PageContent</tag>
</tags>
<doc>Returns text attribute of the element found by ``selector``.
See the `Finding elements` section for details about the selectors.</doc>
<arguments>
<arg>css=.is-danger .message-body</arg>
<arg>==</arg>
<arg>${expect_arg}</arg>
</arguments>
<status status="PASS" starttime="20210303 14:33:27.916" endtime="20210303 14:33:28.178"></status>
</kw>
<status status="PASS" starttime="20210303 14:33:27.916" endtime="20210303 14:33:28.178"></status>
</kw>
<kw name="Sleep" library="BuiltIn" type="teardown">
<doc>Pauses the test executed for the given time.</doc>
<arguments>
<arg>2</arg>
<arg>Take Screenshot</arg>
</arguments>
<msg timestamp="20210303 14:33:30.179" level="INFO">Slept 2 seconds</msg>
<msg timestamp="20210303 14:33:30.179" level="INFO">Take Screenshot</msg>
<status status="PASS" starttime="20210303 14:33:28.178" endtime="20210303 14:33:30.180"></status>
</kw>
<status status="PASS" starttime="20210303 14:33:24.481" endtime="20210303 14:33:30.180" critical="yes"></status>
</test>
<test id="s1-t3" name="Login e-mail incorreto">
<kw name="Open Login Page" library="login_actions">
<kw name="Open Browser" library="Browser">
<tags>
<tag>BrowserControl</tag>
<tag>Setter</tag>
</tags>
<doc>Opens a new browser instance. Use this keyword for quick experiments or debugging sessions.
Use `New Page` directly instead of `Open Browser` for production and automated execution.
See `Browser, Context and Page` for more information about Browser and related concepts.</doc>
<arguments>
<arg>https://parodify.herokuapp.com/users/sign_in</arg>
<arg>chromium</arg>
</arguments>
<msg timestamp="20210303 14:33:30.267" level="WARN">Open Browser is for quick experimentation and debugging only. Use New Page for production.</msg>
<msg timestamp="20210303 14:33:30.267" level="INFO">{"browser": "chromium", "headless": false, "handleSIGINT": true, "handleSIGTERM": true, "handleSIGHUP": true, "timeout": 30000.0, "devtools": false, "slowMo": 0.0}</msg>
<msg timestamp="20210303 14:33:30.509" level="INFO">Successfully created browser with options: {"browser":"chromium","headless":false,"handleSIGINT":true,"handleSIGTERM":true,"handleSIGHUP":true,"timeout":30000,"devtools":false,"slowMo":0}</msg>
<msg timestamp="20210303 14:33:30.509" level="INFO">{"acceptDownloads": false, "ignoreHTTPSErrors": false, "bypassCSP": false, "deviceScaleFactor": 1.0, "isMobile": false, "hasTouch": false, "javaScriptEnabled": true, "offline": false, "hideRfBrowser": false}</msg>
<msg timestamp="20210303 14:33:30.520" level="INFO">Successfully created context with options: {"acceptDownloads":false,"ignoreHTTPSErrors":false,"bypassCSP":false,"deviceScaleFactor":1,"isMobile":false,"hasTouch":false,"javaScriptEnabled":true,"offline":false,"hideRfBrowser":false}</msg>
<msg timestamp="20210303 14:33:34.584" level="INFO">Successfully initialized new page object and opened url: https://parodify.herokuapp.com/users/sign_in</msg>
<status status="PASS" starttime="20210303 14:33:30.267" endtime="20210303 14:33:34.584"></status>
</kw>
<status status="PASS" starttime="20210303 14:33:30.266" endtime="20210303 14:33:34.584"></status>
</kw>
<kw name="Login With" library="login_actions">
<arguments>
<arg>4041@parodify.com</arg>
<arg>pwd123</arg>
</arguments>
<kw name="Fill Text" library="Browser">
<tags>
<tag>PageContent</tag>
<tag>Setter</tag>
</tags>
<doc>Clears and fills the given ``text`` into the text field found by ``selector``.</doc>
<arguments>
<arg>id=user_email</arg>
<arg>${email_arg}</arg>
</arguments>
<msg timestamp="20210303 14:33:34.585" level="INFO">Fills the text '4041@parodify.com' in the given field.</msg>
<status status="PASS" starttime="20210303 14:33:34.585" endtime="20210303 14:33:34.631"></status>
</kw>
<kw name="Fill Text" library="Browser">
<tags>
<tag>PageContent</tag>
<tag>Setter</tag>
</tags>
<doc>Clears and fills the given ``text`` into the text field found by ``selector``.</doc>
<arguments>
<arg>id=user_password</arg>
<arg>${pass_arg}</arg>
</arguments>
<msg timestamp="20210303 14:33:34.632" level="INFO">Fills the text 'pwd123' in the given field.</msg>
<status status="PASS" starttime="20210303 14:33:34.631" endtime="20210303 14:33:34.647"></status>
</kw>
<kw name="Click" library="Browser">
<tags>
<tag>PageContent</tag>
<tag>Setter</tag>
</tags>
<doc>Simulates mouse click on the element found by ``selector``.</doc>
<arguments>
<arg>css=input[type=submit]</arg>
</arguments>
<status status="PASS" starttime="20210303 14:33:34.647" endtime="20210303 14:33:35.242"></status>
</kw>
<status status="PASS" starttime="20210303 14:33:34.584" endtime="20210303 14:33:35.243"></status>
</kw>
<kw name="Alert Should Be" library="login_actions">
<arguments>
<arg>Opps! Dados de acesso incorretos!</arg>
</arguments>
<kw name="Get Text" library="Browser">
<tags>
<tag>Assertion</tag>
<tag>Getter</tag>
<tag>PageContent</tag>
</tags>
<doc>Returns text attribute of the element found by ``selector``.
See the `Finding elements` section for details about the selectors.</doc>
<arguments>
<arg>css=.is-danger .message-body</arg>
<arg>==</arg>
<arg>${expect_arg}</arg>
</arguments>
<status status="PASS" starttime="20210303 14:33:35.244" endtime="20210303 14:33:35.528"></status>
</kw>
<status status="PASS" starttime="20210303 14:33:35.243" endtime="20210303 14:33:35.528"></status>
</kw>
<kw name="Sleep" library="BuiltIn" type="teardown">
<doc>Pauses the test executed for the given time.</doc>
<arguments>
<arg>2</arg>
<arg>Take Screenshot</arg>
</arguments>
<msg timestamp="20210303 14:33:37.529" level="INFO">Slept 2 seconds</msg>
<msg timestamp="20210303 14:33:37.530" level="INFO">Take Screenshot</msg>
<status status="PASS" starttime="20210303 14:33:35.529" endtime="20210303 14:33:37.530"></status>
</kw>
<status status="PASS" starttime="20210303 14:33:30.256" endtime="20210303 14:33:37.530" critical="yes"></status>
</test>
<test id="s1-t4" name="Login campo e-mail vazio">
<kw name="Open Login Page" library="login_actions">
<kw name="Open Browser" library="Browser">
<tags>
<tag>BrowserControl</tag>
<tag>Setter</tag>
</tags>
<doc>Opens a new browser instance. Use this keyword for quick experiments or debugging sessions.
Use `New Page` directly instead of `Open Browser` for production and automated execution.
See `Browser, Context and Page` for more information about Browser and related concepts.</doc>
<arguments>
<arg>https://parodify.herokuapp.com/users/sign_in</arg>
<arg>chromium</arg>
</arguments>
<msg timestamp="20210303 14:33:37.626" level="WARN">Open Browser is for quick experimentation and debugging only. Use New Page for production.</msg>
<msg timestamp="20210303 14:33:37.627" level="INFO">{"browser": "chromium", "headless": false, "handleSIGINT": true, "handleSIGTERM": true, "handleSIGHUP": true, "timeout": 30000.0, "devtools": false, "slowMo": 0.0}</msg>
<msg timestamp="20210303 14:33:37.861" level="INFO">Successfully created browser with options: {"browser":"chromium","headless":false,"handleSIGINT":true,"handleSIGTERM":true,"handleSIGHUP":true,"timeout":30000,"devtools":false,"slowMo":0}</msg>
<msg timestamp="20210303 14:33:37.863" level="INFO">{"acceptDownloads": false, "ignoreHTTPSErrors": false, "bypassCSP": false, "deviceScaleFactor": 1.0, "isMobile": false, "hasTouch": false, "javaScriptEnabled": true, "offline": false, "hideRfBrowser": false}</msg>
<msg timestamp="20210303 14:33:37.873" level="INFO">Successfully created context with options: {"acceptDownloads":false,"ignoreHTTPSErrors":false,"bypassCSP":false,"deviceScaleFactor":1,"isMobile":false,"hasTouch":false,"javaScriptEnabled":true,"offline":false,"hideRfBrowser":false}</msg>
<msg timestamp="20210303 14:33:40.766" level="INFO">Successfully initialized new page object and opened url: https://parodify.herokuapp.com/users/sign_in</msg>
<status status="PASS" starttime="20210303 14:33:37.626" endtime="20210303 14:33:40.766"></status>
</kw>
<status status="PASS" starttime="20210303 14:33:37.625" endtime="20210303 14:33:40.766"></status>
</kw>
<kw name="Login With" library="login_actions">
<arguments>
<arg>${EMPTY}</arg>
<arg>pwd123</arg>
</arguments>
<kw name="Fill Text" library="Browser">
<tags>
<tag>PageContent</tag>
<tag>Setter</tag>
</tags>
<doc>Clears and fills the given ``text`` into the text field found by ``selector``.</doc>
<arguments>
<arg>id=user_email</arg>
<arg>${email_arg}</arg>
</arguments>
<msg timestamp="20210303 14:33:40.767" level="INFO">Fills the text '' in the given field.</msg>
<status status="PASS" starttime="20210303 14:33:40.767" endtime="20210303 14:33:40.796"></status>
</kw>
<kw name="Fill Text" library="Browser">
<tags>
<tag>PageContent</tag>
<tag>Setter</tag>
</tags>
<doc>Clears and fills the given ``text`` into the text field found by ``selector``.</doc>
<arguments>
<arg>id=user_password</arg>
<arg>${pass_arg}</arg>
</arguments>
<msg timestamp="20210303 14:33:40.797" level="INFO">Fills the text 'pwd123' in the given field.</msg>
<status status="PASS" starttime="20210303 14:33:40.797" endtime="20210303 14:33:40.823"></status>
</kw>
<kw name="Click" library="Browser">
<tags>
<tag>PageContent</tag>
<tag>Setter</tag>
</tags>
<doc>Simulates mouse click on the element found by ``selector``.</doc>
<arguments>
<arg>css=input[type=submit]</arg>
</arguments>
<status status="PASS" starttime="20210303 14:33:40.823" endtime="20210303 14:33:41.296"></status>
</kw>
<status status="PASS" starttime="20210303 14:33:40.766" endtime="20210303 14:33:41.297"></status>
</kw>
<kw name="Alert Should Be" library="login_actions">
<arguments>
<arg>Opps! Dados de acesso incorretos!</arg>
</arguments>
<kw name="Get Text" library="Browser">
<tags>
<tag>Assertion</tag>
<tag>Getter</tag>
<tag>PageContent</tag>
</tags>
<doc>Returns text attribute of the element found by ``selector``.
See the `Finding elements` section for details about the selectors.</doc>
<arguments>
<arg>css=.is-danger .message-body</arg>
<arg>==</arg>
<arg>${expect_arg}</arg>
</arguments>
<status status="PASS" starttime="20210303 14:33:41.298" endtime="20210303 14:33:41.549"></status>
</kw>
<status status="PASS" starttime="20210303 14:33:41.297" endtime="20210303 14:33:41.549"></status>
</kw>
<kw name="Sleep" library="BuiltIn" type="teardown">
<doc>Pauses the test executed for the given time.</doc>
<arguments>
<arg>2</arg>
<arg>Take Screenshot</arg>
</arguments>
<msg timestamp="20210303 14:33:43.550" level="INFO">Slept 2 seconds</msg>
<msg timestamp="20210303 14:33:43.551" level="INFO">Take Screenshot</msg>
<status status="PASS" starttime="20210303 14:33:41.549" endtime="20210303 14:33:43.551"></status>
</kw>
<status status="PASS" starttime="20210303 14:33:37.617" endtime="20210303 14:33:43.551" critical="yes"></status>
</test>
<test id="s1-t5" name="Login campo senha vazio">
<kw name="Open Login Page" library="login_actions">
<kw name="Open Browser" library="Browser">
<tags>
<tag>BrowserControl</tag>
<tag>Setter</tag>
</tags>
<doc>Opens a new browser instance. Use this keyword for quick experiments or debugging sessions.
Use `New Page` directly instead of `Open Browser` for production and automated execution.
See `Browser, Context and Page` for more information about Browser and related concepts.</doc>
<arguments>
<arg>https://parodify.herokuapp.com/users/sign_in</arg>
<arg>chromium</arg>
</arguments>
<msg timestamp="20210303 14:33:43.612" level="WARN">Open Browser is for quick experimentation and debugging only. Use New Page for production.</msg>
<msg timestamp="20210303 14:33:43.613" level="INFO">{"browser": "chromium", "headless": false, "handleSIGINT": true, "handleSIGTERM": true, "handleSIGHUP": true, "timeout": 30000.0, "devtools": false, "slowMo": 0.0}</msg>
<msg timestamp="20210303 14:33:43.848" level="INFO">Successfully created browser with options: {"browser":"chromium","headless":false,"handleSIGINT":true,"handleSIGTERM":true,"handleSIGHUP":true,"timeout":30000,"devtools":false,"slowMo":0}</msg>
<msg timestamp="20210303 14:33:43.850" level="INFO">{"acceptDownloads": false, "ignoreHTTPSErrors": false, "bypassCSP": false, "deviceScaleFactor": 1.0, "isMobile": false, "hasTouch": false, "javaScriptEnabled": true, "offline": false, "hideRfBrowser": false}</msg>
<msg timestamp="20210303 14:33:43.858" level="INFO">Successfully created context with options: {"acceptDownloads":false,"ignoreHTTPSErrors":false,"bypassCSP":false,"deviceScaleFactor":1,"isMobile":false,"hasTouch":false,"javaScriptEnabled":true,"offline":false,"hideRfBrowser":false}</msg>
<msg timestamp="20210303 14:33:47.644" level="INFO">Successfully initialized new page object and opened url: https://parodify.herokuapp.com/users/sign_in</msg>
<status status="PASS" starttime="20210303 14:33:43.612" endtime="20210303 14:33:47.645"></status>
</kw>
<status status="PASS" starttime="20210303 14:33:43.611" endtime="20210303 14:33:47.646"></status>
</kw>
<kw name="Login With" library="login_actions">
<arguments>
<arg>papito@parodify.com</arg>
<arg>${EMPTY}</arg>
</arguments>
<kw name="Fill Text" library="Browser">
<tags>
<tag>PageContent</tag>
<tag>Setter</tag>
</tags>
<doc>Clears and fills the given ``text`` into the text field found by ``selector``.</doc>
<arguments>
<arg>id=user_email</arg>
<arg>${email_arg}</arg>
</arguments>
<msg timestamp="20210303 14:33:47.649" level="INFO">Fills the text 'papito@parodify.com' in the given field.</msg>
<status status="PASS" starttime="20210303 14:33:47.648" endtime="20210303 14:33:47.709"></status>
</kw>
<kw name="Fill Text" library="Browser">
<tags>
<tag>PageContent</tag>
<tag>Setter</tag>
</tags>
<doc>Clears and fills the given ``text`` into the text field found by ``selector``.</doc>
<arguments>
<arg>id=user_password</arg>
<arg>${pass_arg}</arg>
</arguments>
<msg timestamp="20210303 14:33:47.710" level="INFO">Fills the text '' in the given field.</msg>
<status status="PASS" starttime="20210303 14:33:47.709" endtime="20210303 14:33:47.727"></status>
</kw>
<kw name="Click" library="Browser">
<tags>
<tag>PageContent</tag>
<tag>Setter</tag>
</tags>
<doc>Simulates mouse click on the element found by ``selector``.</doc>
<arguments>
<arg>css=input[type=submit]</arg>
</arguments>
<status status="PASS" starttime="20210303 14:33:47.727" endtime="20210303 14:33:48.037"></status>
</kw>
<status status="PASS" starttime="20210303 14:33:47.646" endtime="20210303 14:33:48.037"></status>
</kw>
<kw name="Alert Should Be" library="login_actions">
<arguments>
<arg>Opps! Dados de acesso incorretos!</arg>
</arguments>
<kw name="Get Text" library="Browser">
<tags>
<tag>Assertion</tag>
<tag>Getter</tag>
<tag>PageContent</tag>
</tags>
<doc>Returns text attribute of the element found by ``selector``.
See the `Finding elements` section for details about the selectors.</doc>
<arguments>
<arg>css=.is-danger .message-body</arg>
<arg>==</arg>
<arg>${expect_arg}</arg>
</arguments>
<status status="PASS" starttime="20210303 14:33:48.038" endtime="20210303 14:33:48.322"></status>
</kw>
<status status="PASS" starttime="20210303 14:33:48.037" endtime="20210303 14:33:48.323"></status>
</kw>
<kw name="Sleep" library="BuiltIn" type="teardown">
<doc>Pauses the test executed for the given time.</doc>
<arguments>
<arg>2</arg>
<arg>Take Screenshot</arg>
</arguments>
<msg timestamp="20210303 14:33:50.323" level="INFO">Slept 2 seconds</msg>
<msg timestamp="20210303 14:33:50.323" level="INFO">Take Screenshot</msg>
<status status="PASS" starttime="20210303 14:33:48.323" endtime="20210303 14:33:50.324"></status>
</kw>
<status status="PASS" starttime="20210303 14:33:43.604" endtime="20210303 14:33:50.324" critical="yes"></status>
</test>
<doc>Testes da página de login</doc>
<status status="PASS" starttime="20210303 14:33:16.627" endtime="20210303 14:33:50.360"></status>
</suite>
<statistics>
<total>
<stat pass="5" fail="0">Critical Tests</stat>
<stat pass="5" fail="0">All Tests</stat>
</total>
<tag>
</tag>
<suite>
<stat pass="5" fail="0" id="s1" name="Login Keywords">Login Keywords</stat>
</suite>
</statistics>
<errors>
<msg timestamp="20210303 14:33:17.218" level="WARN">Open Browser is for quick experimentation and debugging only. Use New Page for production.</msg>
<msg timestamp="20210303 14:33:24.490" level="WARN">Open Browser is for quick experimentation and debugging only. Use New Page for production.</msg>
<msg timestamp="20210303 14:33:30.267" level="WARN">Open Browser is for quick experimentation and debugging only. Use New Page for production.</msg>
<msg timestamp="20210303 14:33:37.626" level="WARN">Open Browser is for quick experimentation and debugging only. Use New Page for production.</msg>
<msg timestamp="20210303 14:33:43.612" level="WARN">Open Browser is for quick experimentation and debugging only. Use New Page for production.</msg>
</errors>
</robot>
